This file contains any messages produced by compilers while
running configure, to aid debugging if configure makes a mistake.

It was created by fdkaac configure 1.0.0, which was
generated by GNU Autoconf 2.69.  Invocation command line was

  $ ./configure 

## --------- ##
## Platform. ##
## --------- ##

hostname = mohit-singh
uname -m = x86_64
uname -r = 4.15.0-46-generic
uname -s = Linux
uname -v = #49-Ubuntu SMP Wed Feb 6 09:33:07 UTC 2019

/usr/bin/uname -p = unknown
/bin/uname -X     = unknown

/bin/arch              = unknown
/usr/bin/arch -k       = unknown
/usr/convex/getsysinfo = unknown
/usr/bin/hostinfo      = unknown
/bin/machine           = unknown
/usr/bin/oslevel       = unknown
/bin/universe          = unknown

PATH: /home/mohit/emsdk/emscripten/1.38.30/system/bin
PATH: /usr/local/sbin
PATH: /usr/local/bin
PATH: /usr/sbin
PATH: /usr/bin
PATH: /sbin
PATH: /bin
PATH: /snap/bin


## ----------- ##
## Core tests. ##
## ----------- ##

configure:2421: checking for a BSD-compatible install
configure:2489: result: /usr/bin/install -c
configure:2500: checking whether build environment is sane
configure:2555: result: yes
configure:2706: checking for a thread-safe mkdir -p
configure:2745: result: /bin/mkdir -p
configure:2752: checking for gawk
configure:2782: result: no
configure:2752: checking for mawk
configure:2768: found /usr/bin/mawk
configure:2779: result: mawk
configure:2790: checking whether make sets $(MAKE)
configure:2812: result: yes
configure:2841: checking whether make supports nested variables
configure:2858: result: yes
configure:3033: checking for gcc
configure:3060: result: /home/mohit/emsdk/emscripten/1.38.30/emcc
configure:3289: checking for C compiler version
configure:3298: /home/mohit/emsdk/emscripten/1.38.30/emcc --version >&5
emcc (Emscripten gcc/clang-like replacement) 1.38.30 (commit 9538381d56272818cba77a808ba46fdac6c961c8)
Copyright (C) 2014 the Emscripten authors (see AUTHORS.txt)
This is free and open source software under the MIT license.
There is NO warranty; not even for MERCHANTABILITY or FITNESS FOR A PARTICULAR PURPOSE.
  
configure:3309: $? = 0
configure:3298: /home/mohit/emsdk/emscripten/1.38.30/emcc -v >&5
emcc (Emscripten gcc/clang-like replacement + linker emulating GNU ld) 1.38.30
clang version 6.0.1  (emscripten 1.38.30 : 1.38.30)
Target: x86_64-unknown-linux-gnu
Thread model: posix
InstalledDir: /home/mohit/emsdk/clang/e1.38.30_64bit
Found candidate GCC installation: /usr/lib/gcc/i686-linux-gnu/8
Found candidate GCC installation: /usr/lib/gcc/x86_64-linux-gnu/7
Found candidate GCC installation: /usr/lib/gcc/x86_64-linux-gnu/7.3.0
Found candidate GCC installation: /usr/lib/gcc/x86_64-linux-gnu/8
Selected GCC installation: /usr/lib/gcc/x86_64-linux-gnu/7.3.0
... rest of stderr output deleted ...
configure:3309: $? = 0
configure:3298: /home/mohit/emsdk/emscripten/1.38.30/emcc -V >&5
shared:ERROR: no input files
note that input files without a known suffix are ignored, make sure your input files end with one of: ('.c', '.C', '.i', '.cpp', '.cxx', '.cc', '.c++', '.CPP', '.CXX', '.CC', '.C++', '.ii', '.m', '.mi', '.mm', '.mii', '/dev/null', '.bc', '.o', '.obj', '.lo', '.dylib', '.so', '.a', '.ll', '.h', '.hxx', '.hpp', '.hh', '.H', '.HXX', '.HPP', '.HH')
configure:3309: $? = 1
configure:3298: /home/mohit/emsdk/emscripten/1.38.30/emcc -qversion >&5
shared:ERROR: no input files
note that input files without a known suffix are ignored, make sure your input files end with one of: ('.c', '.C', '.i', '.cpp', '.cxx', '.cc', '.c++', '.CPP', '.CXX', '.CC', '.C++', '.ii', '.m', '.mi', '.mm', '.mii', '/dev/null', '.bc', '.o', '.obj', '.lo', '.dylib', '.so', '.a', '.ll', '.h', '.hxx', '.hpp', '.hh', '.H', '.HXX', '.HPP', '.HH')
configure:3309: $? = 1
configure:3329: checking whether the C compiler works
configure:3351: /home/mohit/emsdk/emscripten/1.38.30/emcc    conftest.c  >&5
configure:3355: $? = 0
configure:3403: result: yes
configure:3406: checking for C compiler default output file name
configure:3408: result: a.out
configure:3414: checking for suffix of executables
configure:3421: /home/mohit/emsdk/emscripten/1.38.30/emcc -o conftest    conftest.c  >&5
configure:3425: $? = 0
configure:3447: result: 
configure:3469: checking whether we are cross compiling
configure:3477: /home/mohit/emsdk/emscripten/1.38.30/emcc -o conftest    conftest.c  >&5
configure:3481: $? = 0
configure:3488: ./conftest
configure:3492: $? = 0
configure:3507: result: no
configure:3512: checking for suffix of object files
configure:3534: /home/mohit/emsdk/emscripten/1.38.30/emcc -c   conftest.c >&5
configure:3538: $? = 0
configure:3559: result: o
configure:3563: checking whether we are using the GNU C compiler
configure:3582: /home/mohit/emsdk/emscripten/1.38.30/emcc -c   conftest.c >&5
configure:3582: $? = 0
configure:3591: result: yes
configure:3600: checking whether /home/mohit/emsdk/emscripten/1.38.30/emcc accepts -g
configure:3620: /home/mohit/emsdk/emscripten/1.38.30/emcc -c -g  conftest.c >&5
configure:3620: $? = 0
configure:3661: result: yes
configure:3678: checking for /home/mohit/emsdk/emscripten/1.38.30/emcc option to accept ISO C89
configure:3741: /home/mohit/emsdk/emscripten/1.38.30/emcc  -c   conftest.c >&5
configure:3741: $? = 0
configure:3754: result: none needed
configure:3779: checking whether /home/mohit/emsdk/emscripten/1.38.30/emcc understands -c and -o together
configure:3801: /home/mohit/emsdk/emscripten/1.38.30/emcc -c conftest.c -o conftest2.o
configure:3804: $? = 0
configure:3801: /home/mohit/emsdk/emscripten/1.38.30/emcc -c conftest.c -o conftest2.o
configure:3804: $? = 0
configure:3816: result: yes
configure:3844: checking for style of include used by make
configure:3872: result: GNU
configure:3898: checking dependency style of /home/mohit/emsdk/emscripten/1.38.30/emcc
configure:4009: result: gcc3
configure:4032: checking how to run the C preprocessor
configure:4063: /home/mohit/emsdk/emscripten/1.38.30/emcc -E  conftest.c
configure:4063: $? = 0
configure:4077: /home/mohit/emsdk/emscripten/1.38.30/emcc -E  conftest.c
conftest.c:11:10: fatal error: 'ac_nonexistent.h' file not found
#include <ac_nonexistent.h>
         ^~~~~~~~~~~~~~~~~~
1 error generated.
configure:4077: $? = 1
configure: failed program was:
| /* confdefs.h */
| #define PACKAGE_NAME "fdkaac"
| #define PACKAGE_TARNAME "fdkaac"
| #define PACKAGE_VERSION "1.0.0"
| #define PACKAGE_STRING "fdkaac 1.0.0"
| #define PACKAGE_BUGREPORT "honeycomb77@gmail.com"
| #define PACKAGE_URL ""
| #define PACKAGE "fdkaac"
| #define VERSION "1.0.0"
| /* end confdefs.h.  */
| #include <ac_nonexistent.h>
configure:4102: result: /home/mohit/emsdk/emscripten/1.38.30/emcc -E
configure:4122: /home/mohit/emsdk/emscripten/1.38.30/emcc -E  conftest.c
configure:4122: $? = 0
configure:4136: /home/mohit/emsdk/emscripten/1.38.30/emcc -E  conftest.c
conftest.c:11:10: fatal error: 'ac_nonexistent.h' file not found
#include <ac_nonexistent.h>
         ^~~~~~~~~~~~~~~~~~
1 error generated.
configure:4136: $? = 1
configure: failed program was:
| /* confdefs.h */
| #define PACKAGE_NAME "fdkaac"
| #define PACKAGE_TARNAME "fdkaac"
| #define PACKAGE_VERSION "1.0.0"
| #define PACKAGE_STRING "fdkaac 1.0.0"
| #define PACKAGE_BUGREPORT "honeycomb77@gmail.com"
| #define PACKAGE_URL ""
| #define PACKAGE "fdkaac"
| #define VERSION "1.0.0"
| /* end confdefs.h.  */
| #include <ac_nonexistent.h>
configure:4165: checking for grep that handles long lines and -e
configure:4223: result: /bin/grep
configure:4228: checking for egrep
configure:4290: result: /bin/grep -E
configure:4295: checking for ANSI C header files
configure:4315: /home/mohit/emsdk/emscripten/1.38.30/emcc -c   conftest.c >&5
configure:4315: $? = 0
configure:4388: /home/mohit/emsdk/emscripten/1.38.30/emcc -o conftest    conftest.c  >&5
configure:4388: $? = 0
configure:4388: ./conftest
configure:4388: $? = 0
configure:4399: result: yes
configure:4412: checking for sys/types.h
configure:4412: /home/mohit/emsdk/emscripten/1.38.30/emcc -c   conftest.c >&5
configure:4412: $? = 0
configure:4412: result: yes
configure:4412: checking for sys/stat.h
configure:4412: /home/mohit/emsdk/emscripten/1.38.30/emcc -c   conftest.c >&5
configure:4412: $? = 0
configure:4412: result: yes
configure:4412: checking for stdlib.h
configure:4412: /home/mohit/emsdk/emscripten/1.38.30/emcc -c   conftest.c >&5
configure:4412: $? = 0
configure:4412: result: yes
configure:4412: checking for string.h
configure:4412: /home/mohit/emsdk/emscripten/1.38.30/emcc -c   conftest.c >&5
configure:4412: $? = 0
configure:4412: result: yes
configure:4412: checking for memory.h
configure:4412: /home/mohit/emsdk/emscripten/1.38.30/emcc -c   conftest.c >&5
configure:4412: $? = 0
configure:4412: result: yes
configure:4412: checking for strings.h
configure:4412: /home/mohit/emsdk/emscripten/1.38.30/emcc -c   conftest.c >&5
configure:4412: $? = 0
configure:4412: result: yes
configure:4412: checking for inttypes.h
configure:4412: /home/mohit/emsdk/emscripten/1.38.30/emcc -c   conftest.c >&5
configure:4412: $? = 0
configure:4412: result: yes
configure:4412: checking for stdint.h
configure:4412: /home/mohit/emsdk/emscripten/1.38.30/emcc -c   conftest.c >&5
configure:4412: $? = 0
configure:4412: result: yes
configure:4412: checking for unistd.h
configure:4412: /home/mohit/emsdk/emscripten/1.38.30/emcc -c   conftest.c >&5
configure:4412: $? = 0
configure:4412: result: yes
configure:4426: checking sys/time.h usability
configure:4426: /home/mohit/emsdk/emscripten/1.38.30/emcc -c   conftest.c >&5
configure:4426: $? = 0
configure:4426: result: yes
configure:4426: checking sys/time.h presence
configure:4426: /home/mohit/emsdk/emscripten/1.38.30/emcc -E  conftest.c
configure:4426: $? = 0
configure:4426: result: yes
configure:4426: checking for sys/time.h
configure:4426: result: yes
configure:4439: checking libcharset.h usability
configure:4439: /home/mohit/emsdk/emscripten/1.38.30/emcc -c   conftest.c >&5
conftest.c:55:10: fatal error: 'libcharset.h' file not found
#include <libcharset.h>
         ^~~~~~~~~~~~~~
1 error generated.
shared:ERROR: compiler frontend failed to generate LLVM bitcode, halting
configure:4439: $? = 1
configure: failed program was:
| /* confdefs.h */
| #define PACKAGE_NAME "fdkaac"
| #define PACKAGE_TARNAME "fdkaac"
| #define PACKAGE_VERSION "1.0.0"
| #define PACKAGE_STRING "fdkaac 1.0.0"
| #define PACKAGE_BUGREPORT "honeycomb77@gmail.com"
| #define PACKAGE_URL ""
| #define PACKAGE "fdkaac"
| #define VERSION "1.0.0"
| #define STDC_HEADERS 1
| #define HAVE_SYS_TYPES_H 1
| #define HAVE_SYS_STAT_H 1
| #define HAVE_STDLIB_H 1
| #define HAVE_STRING_H 1
| #define HAVE_MEMORY_H 1
| #define HAVE_STRINGS_H 1
| #define HAVE_INTTYPES_H 1
| #define HAVE_STDINT_H 1
| #define HAVE_UNISTD_H 1
| #define HAVE_SYS_TIME_H 1
| /* end confdefs.h.  */
| #include <stdio.h>
| #ifdef HAVE_SYS_TYPES_H
| # include <sys/types.h>
| #endif
| #ifdef HAVE_SYS_STAT_H
| # include <sys/stat.h>
| #endif
| #ifdef STDC_HEADERS
| # include <stdlib.h>
| # include <stddef.h>
| #else
| # ifdef HAVE_STDLIB_H
| #  include <stdlib.h>
| # endif
| #endif
| #ifdef HAVE_STRING_H
| # if !defined STDC_HEADERS && defined HAVE_MEMORY_H
| #  include <memory.h>
| # endif
| # include <string.h>
| #endif
| #ifdef HAVE_STRINGS_H
| # include <strings.h>
| #endif
| #ifdef HAVE_INTTYPES_H
| # include <inttypes.h>
| #endif
| #ifdef HAVE_STDINT_H
| # include <stdint.h>
| #endif
| #ifdef HAVE_UNISTD_H
| # include <unistd.h>
| #endif
| #include <libcharset.h>
configure:4439: result: no
configure:4439: checking libcharset.h presence
configure:4439: /home/mohit/emsdk/emscripten/1.38.30/emcc -E  conftest.c
conftest.c:22:10: fatal error: 'libcharset.h' file not found
#include <libcharset.h>
         ^~~~~~~~~~~~~~
1 error generated.
configure:4439: $? = 1
configure: failed program was:
| /* confdefs.h */
| #define PACKAGE_NAME "fdkaac"
| #define PACKAGE_TARNAME "fdkaac"
| #define PACKAGE_VERSION "1.0.0"
| #define PACKAGE_STRING "fdkaac 1.0.0"
| #define PACKAGE_BUGREPORT "honeycomb77@gmail.com"
| #define PACKAGE_URL ""
| #define PACKAGE "fdkaac"
| #define VERSION "1.0.0"
| #define STDC_HEADERS 1
| #define HAVE_SYS_TYPES_H 1
| #define HAVE_SYS_STAT_H 1
| #define HAVE_STDLIB_H 1
| #define HAVE_STRING_H 1
| #define HAVE_MEMORY_H 1
| #define HAVE_STRINGS_H 1
| #define HAVE_INTTYPES_H 1
| #define HAVE_STDINT_H 1
| #define HAVE_UNISTD_H 1
| #define HAVE_SYS_TIME_H 1
| /* end confdefs.h.  */
| #include <libcharset.h>
configure:4439: result: no
configure:4439: checking for libcharset.h
configure:4439: result: no
configure:4439: checking langinfo.h usability
configure:4439: /home/mohit/emsdk/emscripten/1.38.30/emcc -c   conftest.c >&5
configure:4439: $? = 0
configure:4439: result: yes
configure:4439: checking langinfo.h presence
configure:4439: /home/mohit/emsdk/emscripten/1.38.30/emcc -E  conftest.c
configure:4439: $? = 0
configure:4439: result: yes
configure:4439: checking for langinfo.h
configure:4439: result: yes
configure:4439: checking endian.h usability
configure:4439: /home/mohit/emsdk/emscripten/1.38.30/emcc -c   conftest.c >&5
configure:4439: $? = 0
configure:4439: result: yes
configure:4439: checking endian.h presence
configure:4439: /home/mohit/emsdk/emscripten/1.38.30/emcc -E  conftest.c
configure:4439: $? = 0
configure:4439: result: yes
configure:4439: checking for endian.h
configure:4439: result: yes
configure:4439: checking byteswap.h usability
configure:4439: /home/mohit/emsdk/emscripten/1.38.30/emcc -c   conftest.c >&5
configure:4439: $? = 0
configure:4439: result: yes
configure:4439: checking byteswap.h presence
configure:4439: /home/mohit/emsdk/emscripten/1.38.30/emcc -E  conftest.c
configure:4439: $? = 0
configure:4439: result: yes
configure:4439: checking for byteswap.h
configure:4439: result: yes
configure:4451: checking fdk-aac/aacenc_lib.h usability
configure:4451: /home/mohit/emsdk/emscripten/1.38.30/emcc -c   conftest.c >&5
configure:4451: $? = 0
configure:4451: result: yes
configure:4451: checking fdk-aac/aacenc_lib.h presence
configure:4451: /home/mohit/emsdk/emscripten/1.38.30/emcc -E  conftest.c
configure:4451: $? = 0
configure:4451: result: yes
configure:4451: checking for fdk-aac/aacenc_lib.h
configure:4451: result: yes
configure:4464: checking for inline
configure:4480: /home/mohit/emsdk/emscripten/1.38.30/emcc -c   conftest.c >&5
configure:4480: $? = 0
configure:4488: result: inline
configure:4506: checking whether byte ordering is bigendian
configure:4521: /home/mohit/emsdk/emscripten/1.38.30/emcc -c   conftest.c >&5
conftest.c:27:9: error: unknown type name 'not'
               not a universal capable compiler
               ^
conftest.c:27:14: error: expected ';' after top level declarator
               not a universal capable compiler
                    ^
                    ;
2 errors generated.
shared:ERROR: compiler frontend failed to generate LLVM bitcode, halting
configure:4521: $? = 1
configure: failed program was:
| /* confdefs.h */
| #define PACKAGE_NAME "fdkaac"
| #define PACKAGE_TARNAME "fdkaac"
| #define PACKAGE_VERSION "1.0.0"
| #define PACKAGE_STRING "fdkaac 1.0.0"
| #define PACKAGE_BUGREPORT "honeycomb77@gmail.com"
| #define PACKAGE_URL ""
| #define PACKAGE "fdkaac"
| #define VERSION "1.0.0"
| #define STDC_HEADERS 1
| #define HAVE_SYS_TYPES_H 1
| #define HAVE_SYS_STAT_H 1
| #define HAVE_STDLIB_H 1
| #define HAVE_STRING_H 1
| #define HAVE_MEMORY_H 1
| #define HAVE_STRINGS_H 1
| #define HAVE_INTTYPES_H 1
| #define HAVE_STDINT_H 1
| #define HAVE_UNISTD_H 1
| #define HAVE_SYS_TIME_H 1
| #define HAVE_LANGINFO_H 1
| #define HAVE_ENDIAN_H 1
| #define HAVE_BYTESWAP_H 1
| #define HAVE_FDK_AAC_AACENC_LIB_H 1
| /* end confdefs.h.  */
| #ifndef __APPLE_CC__
| 	       not a universal capable compiler
| 	     #endif
| 	     typedef int dummy;
| 
configure:4566: /home/mohit/emsdk/emscripten/1.38.30/emcc -c   conftest.c >&5
configure:4566: $? = 0
configure:4584: /home/mohit/emsdk/emscripten/1.38.30/emcc -c   conftest.c >&5
conftest.c:33:4: error: use of undeclared identifier 'not'
                 not big endian
                 ^
1 error generated.
shared:ERROR: compiler frontend failed to generate LLVM bitcode, halting
configure:4584: $? = 1
configure: failed program was:
| /* confdefs.h */
| #define PACKAGE_NAME "fdkaac"
| #define PACKAGE_TARNAME "fdkaac"
| #define PACKAGE_VERSION "1.0.0"
| #define PACKAGE_STRING "fdkaac 1.0.0"
| #define PACKAGE_BUGREPORT "honeycomb77@gmail.com"
| #define PACKAGE_URL ""
| #define PACKAGE "fdkaac"
| #define VERSION "1.0.0"
| #define STDC_HEADERS 1
| #define HAVE_SYS_TYPES_H 1
| #define HAVE_SYS_STAT_H 1
| #define HAVE_STDLIB_H 1
| #define HAVE_STRING_H 1
| #define HAVE_MEMORY_H 1
| #define HAVE_STRINGS_H 1
| #define HAVE_INTTYPES_H 1
| #define HAVE_STDINT_H 1
| #define HAVE_UNISTD_H 1
| #define HAVE_SYS_TIME_H 1
| #define HAVE_LANGINFO_H 1
| #define HAVE_ENDIAN_H 1
| #define HAVE_BYTESWAP_H 1
| #define HAVE_FDK_AAC_AACENC_LIB_H 1
| /* end confdefs.h.  */
| #include <sys/types.h>
| 		#include <sys/param.h>
| 
| int
| main ()
| {
| #if BYTE_ORDER != BIG_ENDIAN
| 		 not big endian
| 		#endif
| 
|   ;
|   return 0;
| }
configure:4712: result: no
configure:4730: checking for int16_t
configure:4730: /home/mohit/emsdk/emscripten/1.38.30/emcc -c   conftest.c >&5
configure:4730: $? = 0
configure:4730: /home/mohit/emsdk/emscripten/1.38.30/emcc -c   conftest.c >&5
conftest.c:63:24: error: 'test_array' declared as an array with a negative size
static int test_array [1 - 2 * !((int16_t) (((((int16_t) 1 << N) << N) - 1) * 2 + 1)
                       ^~~~~~~~~~~~~~~~~~~~~~~~~~~~~~~~~~~~~~~~~~~~~~~~~~~~~~~~~~~~~
1 error generated.
shared:ERROR: compiler frontend failed to generate LLVM bitcode, halting
configure:4730: $? = 1
configure: failed program was:
| /* confdefs.h */
| #define PACKAGE_NAME "fdkaac"
| #define PACKAGE_TARNAME "fdkaac"
| #define PACKAGE_VERSION "1.0.0"
| #define PACKAGE_STRING "fdkaac 1.0.0"
| #define PACKAGE_BUGREPORT "honeycomb77@gmail.com"
| #define PACKAGE_URL ""
| #define PACKAGE "fdkaac"
| #define VERSION "1.0.0"
| #define STDC_HEADERS 1
| #define HAVE_SYS_TYPES_H 1
| #define HAVE_SYS_STAT_H 1
| #define HAVE_STDLIB_H 1
| #define HAVE_STRING_H 1
| #define HAVE_MEMORY_H 1
| #define HAVE_STRINGS_H 1
| #define HAVE_INTTYPES_H 1
| #define HAVE_STDINT_H 1
| #define HAVE_UNISTD_H 1
| #define HAVE_SYS_TIME_H 1
| #define HAVE_LANGINFO_H 1
| #define HAVE_ENDIAN_H 1
| #define HAVE_BYTESWAP_H 1
| #define HAVE_FDK_AAC_AACENC_LIB_H 1
| /* end confdefs.h.  */
| #include <stdio.h>
| #ifdef HAVE_SYS_TYPES_H
| # include <sys/types.h>
| #endif
| #ifdef HAVE_SYS_STAT_H
| # include <sys/stat.h>
| #endif
| #ifdef STDC_HEADERS
| # include <stdlib.h>
| # include <stddef.h>
| #else
| # ifdef HAVE_STDLIB_H
| #  include <stdlib.h>
| # endif
| #endif
| #ifdef HAVE_STRING_H
| # if !defined STDC_HEADERS && defined HAVE_MEMORY_H
| #  include <memory.h>
| # endif
| # include <string.h>
| #endif
| #ifdef HAVE_STRINGS_H
| # include <strings.h>
| #endif
| #ifdef HAVE_INTTYPES_H
| # include <inttypes.h>
| #endif
| #ifdef HAVE_STDINT_H
| # include <stdint.h>
| #endif
| #ifdef HAVE_UNISTD_H
| # include <unistd.h>
| #endif
| 	        enum { N = 16 / 2 - 1 };
| int
| main ()
| {
| static int test_array [1 - 2 * !((int16_t) (((((int16_t) 1 << N) << N) - 1) * 2 + 1)
| 		 < (int16_t) (((((int16_t) 1 << N) << N) - 1) * 2 + 2))];
| test_array [0] = 0;
| return test_array [0];
| 
|   ;
|   return 0;
| }
configure:4730: result: yes
configure:4741: checking for int32_t
configure:4741: /home/mohit/emsdk/emscripten/1.38.30/emcc -c   conftest.c >&5
configure:4741: $? = 0
configure:4741: /home/mohit/emsdk/emscripten/1.38.30/emcc -c   conftest.c >&5
conftest.c:63:24: error: 'test_array' declared as an array with a negative size
static int test_array [1 - 2 * !((int32_t) (((((int32_t) 1 << N) << N) - 1) * 2 + 1)
                       ^~~~~~~~~~~~~~~~~~~~~~~~~~~~~~~~~~~~~~~~~~~~~~~~~~~~~~~~~~~~~
1 error generated.
shared:ERROR: compiler frontend failed to generate LLVM bitcode, halting
configure:4741: $? = 1
configure: failed program was:
| /* confdefs.h */
| #define PACKAGE_NAME "fdkaac"
| #define PACKAGE_TARNAME "fdkaac"
| #define PACKAGE_VERSION "1.0.0"
| #define PACKAGE_STRING "fdkaac 1.0.0"
| #define PACKAGE_BUGREPORT "honeycomb77@gmail.com"
| #define PACKAGE_URL ""
| #define PACKAGE "fdkaac"
| #define VERSION "1.0.0"
| #define STDC_HEADERS 1
| #define HAVE_SYS_TYPES_H 1
| #define HAVE_SYS_STAT_H 1
| #define HAVE_STDLIB_H 1
| #define HAVE_STRING_H 1
| #define HAVE_MEMORY_H 1
| #define HAVE_STRINGS_H 1
| #define HAVE_INTTYPES_H 1
| #define HAVE_STDINT_H 1
| #define HAVE_UNISTD_H 1
| #define HAVE_SYS_TIME_H 1
| #define HAVE_LANGINFO_H 1
| #define HAVE_ENDIAN_H 1
| #define HAVE_BYTESWAP_H 1
| #define HAVE_FDK_AAC_AACENC_LIB_H 1
| /* end confdefs.h.  */
| #include <stdio.h>
| #ifdef HAVE_SYS_TYPES_H
| # include <sys/types.h>
| #endif
| #ifdef HAVE_SYS_STAT_H
| # include <sys/stat.h>
| #endif
| #ifdef STDC_HEADERS
| # include <stdlib.h>
| # include <stddef.h>
| #else
| # ifdef HAVE_STDLIB_H
| #  include <stdlib.h>
| # endif
| #endif
| #ifdef HAVE_STRING_H
| # if !defined STDC_HEADERS && defined HAVE_MEMORY_H
| #  include <memory.h>
| # endif
| # include <string.h>
| #endif
| #ifdef HAVE_STRINGS_H
| # include <strings.h>
| #endif
| #ifdef HAVE_INTTYPES_H
| # include <inttypes.h>
| #endif
| #ifdef HAVE_STDINT_H
| # include <stdint.h>
| #endif
| #ifdef HAVE_UNISTD_H
| # include <unistd.h>
| #endif
| 	        enum { N = 32 / 2 - 1 };
| int
| main ()
| {
| static int test_array [1 - 2 * !((int32_t) (((((int32_t) 1 << N) << N) - 1) * 2 + 1)
| 		 < (int32_t) (((((int32_t) 1 << N) << N) - 1) * 2 + 2))];
| test_array [0] = 0;
| return test_array [0];
| 
|   ;
|   return 0;
| }
configure:4741: result: yes
configure:4752: checking for int64_t
configure:4752: /home/mohit/emsdk/emscripten/1.38.30/emcc -c   conftest.c >&5
configure:4752: $? = 0
configure:4752: /home/mohit/emsdk/emscripten/1.38.30/emcc -c   conftest.c >&5
conftest.c:63:24: error: 'test_array' declared as an array with a negative size
static int test_array [1 - 2 * !((int64_t) (((((int64_t) 1 << N) << N) - 1) * 2 + 1)
                       ^~~~~~~~~~~~~~~~~~~~~~~~~~~~~~~~~~~~~~~~~~~~~~~~~~~~~~~~~~~~~
1 error generated.
shared:ERROR: compiler frontend failed to generate LLVM bitcode, halting
configure:4752: $? = 1
configure: failed program was:
| /* confdefs.h */
| #define PACKAGE_NAME "fdkaac"
| #define PACKAGE_TARNAME "fdkaac"
| #define PACKAGE_VERSION "1.0.0"
| #define PACKAGE_STRING "fdkaac 1.0.0"
| #define PACKAGE_BUGREPORT "honeycomb77@gmail.com"
| #define PACKAGE_URL ""
| #define PACKAGE "fdkaac"
| #define VERSION "1.0.0"
| #define STDC_HEADERS 1
| #define HAVE_SYS_TYPES_H 1
| #define HAVE_SYS_STAT_H 1
| #define HAVE_STDLIB_H 1
| #define HAVE_STRING_H 1
| #define HAVE_MEMORY_H 1
| #define HAVE_STRINGS_H 1
| #define HAVE_INTTYPES_H 1
| #define HAVE_STDINT_H 1
| #define HAVE_UNISTD_H 1
| #define HAVE_SYS_TIME_H 1
| #define HAVE_LANGINFO_H 1
| #define HAVE_ENDIAN_H 1
| #define HAVE_BYTESWAP_H 1
| #define HAVE_FDK_AAC_AACENC_LIB_H 1
| /* end confdefs.h.  */
| #include <stdio.h>
| #ifdef HAVE_SYS_TYPES_H
| # include <sys/types.h>
| #endif
| #ifdef HAVE_SYS_STAT_H
| # include <sys/stat.h>
| #endif
| #ifdef STDC_HEADERS
| # include <stdlib.h>
| # include <stddef.h>
| #else
| # ifdef HAVE_STDLIB_H
| #  include <stdlib.h>
| # endif
| #endif
| #ifdef HAVE_STRING_H
| # if !defined STDC_HEADERS && defined HAVE_MEMORY_H
| #  include <memory.h>
| # endif
| # include <string.h>
| #endif
| #ifdef HAVE_STRINGS_H
| # include <strings.h>
| #endif
| #ifdef HAVE_INTTYPES_H
| # include <inttypes.h>
| #endif
| #ifdef HAVE_STDINT_H
| # include <stdint.h>
| #endif
| #ifdef HAVE_UNISTD_H
| # include <unistd.h>
| #endif
| 	        enum { N = 64 / 2 - 1 };
| int
| main ()
| {
| static int test_array [1 - 2 * !((int64_t) (((((int64_t) 1 << N) << N) - 1) * 2 + 1)
| 		 < (int64_t) (((((int64_t) 1 << N) << N) - 1) * 2 + 2))];
| test_array [0] = 0;
| return test_array [0];
| 
|   ;
|   return 0;
| }
configure:4752: result: yes
configure:4763: checking for int8_t
configure:4763: /home/mohit/emsdk/emscripten/1.38.30/emcc -c   conftest.c >&5
configure:4763: $? = 0
configure:4763: /home/mohit/emsdk/emscripten/1.38.30/emcc -c   conftest.c >&5
conftest.c:63:24: error: 'test_array' declared as an array with a negative size
static int test_array [1 - 2 * !((int8_t) (((((int8_t) 1 << N) << N) - 1) * 2 + 1)
                       ^~~~~~~~~~~~~~~~~~~~~~~~~~~~~~~~~~~~~~~~~~~~~~~~~~~~~~~~~~~
1 error generated.
shared:ERROR: compiler frontend failed to generate LLVM bitcode, halting
configure:4763: $? = 1
configure: failed program was:
| /* confdefs.h */
| #define PACKAGE_NAME "fdkaac"
| #define PACKAGE_TARNAME "fdkaac"
| #define PACKAGE_VERSION "1.0.0"
| #define PACKAGE_STRING "fdkaac 1.0.0"
| #define PACKAGE_BUGREPORT "honeycomb77@gmail.com"
| #define PACKAGE_URL ""
| #define PACKAGE "fdkaac"
| #define VERSION "1.0.0"
| #define STDC_HEADERS 1
| #define HAVE_SYS_TYPES_H 1
| #define HAVE_SYS_STAT_H 1
| #define HAVE_STDLIB_H 1
| #define HAVE_STRING_H 1
| #define HAVE_MEMORY_H 1
| #define HAVE_STRINGS_H 1
| #define HAVE_INTTYPES_H 1
| #define HAVE_STDINT_H 1
| #define HAVE_UNISTD_H 1
| #define HAVE_SYS_TIME_H 1
| #define HAVE_LANGINFO_H 1
| #define HAVE_ENDIAN_H 1
| #define HAVE_BYTESWAP_H 1
| #define HAVE_FDK_AAC_AACENC_LIB_H 1
| /* end confdefs.h.  */
| #include <stdio.h>
| #ifdef HAVE_SYS_TYPES_H
| # include <sys/types.h>
| #endif
| #ifdef HAVE_SYS_STAT_H
| # include <sys/stat.h>
| #endif
| #ifdef STDC_HEADERS
| # include <stdlib.h>
| # include <stddef.h>
| #else
| # ifdef HAVE_STDLIB_H
| #  include <stdlib.h>
| # endif
| #endif
| #ifdef HAVE_STRING_H
| # if !defined STDC_HEADERS && defined HAVE_MEMORY_H
| #  include <memory.h>
| # endif
| # include <string.h>
| #endif
| #ifdef HAVE_STRINGS_H
| # include <strings.h>
| #endif
| #ifdef HAVE_INTTYPES_H
| # include <inttypes.h>
| #endif
| #ifdef HAVE_STDINT_H
| # include <stdint.h>
| #endif
| #ifdef HAVE_UNISTD_H
| # include <unistd.h>
| #endif
| 	        enum { N = 8 / 2 - 1 };
| int
| main ()
| {
| static int test_array [1 - 2 * !((int8_t) (((((int8_t) 1 << N) << N) - 1) * 2 + 1)
| 		 < (int8_t) (((((int8_t) 1 << N) << N) - 1) * 2 + 2))];
| test_array [0] = 0;
| return test_array [0];
| 
|   ;
|   return 0;
| }
configure:4763: result: yes
configure:4774: checking for size_t
configure:4774: /home/mohit/emsdk/emscripten/1.38.30/emcc -c   conftest.c >&5
configure:4774: $? = 0
configure:4774: /home/mohit/emsdk/emscripten/1.38.30/emcc -c   conftest.c >&5
conftest.c:62:21: error: expected expression
if (sizeof ((size_t)))
                    ^
1 error generated.
shared:ERROR: compiler frontend failed to generate LLVM bitcode, halting
configure:4774: $? = 1
configure: failed program was:
| /* confdefs.h */
| #define PACKAGE_NAME "fdkaac"
| #define PACKAGE_TARNAME "fdkaac"
| #define PACKAGE_VERSION "1.0.0"
| #define PACKAGE_STRING "fdkaac 1.0.0"
| #define PACKAGE_BUGREPORT "honeycomb77@gmail.com"
| #define PACKAGE_URL ""
| #define PACKAGE "fdkaac"
| #define VERSION "1.0.0"
| #define STDC_HEADERS 1
| #define HAVE_SYS_TYPES_H 1
| #define HAVE_SYS_STAT_H 1
| #define HAVE_STDLIB_H 1
| #define HAVE_STRING_H 1
| #define HAVE_MEMORY_H 1
| #define HAVE_STRINGS_H 1
| #define HAVE_INTTYPES_H 1
| #define HAVE_STDINT_H 1
| #define HAVE_UNISTD_H 1
| #define HAVE_SYS_TIME_H 1
| #define HAVE_LANGINFO_H 1
| #define HAVE_ENDIAN_H 1
| #define HAVE_BYTESWAP_H 1
| #define HAVE_FDK_AAC_AACENC_LIB_H 1
| /* end confdefs.h.  */
| #include <stdio.h>
| #ifdef HAVE_SYS_TYPES_H
| # include <sys/types.h>
| #endif
| #ifdef HAVE_SYS_STAT_H
| # include <sys/stat.h>
| #endif
| #ifdef STDC_HEADERS
| # include <stdlib.h>
| # include <stddef.h>
| #else
| # ifdef HAVE_STDLIB_H
| #  include <stdlib.h>
| # endif
| #endif
| #ifdef HAVE_STRING_H
| # if !defined STDC_HEADERS && defined HAVE_MEMORY_H
| #  include <memory.h>
| # endif
| # include <string.h>
| #endif
| #ifdef HAVE_STRINGS_H
| # include <strings.h>
| #endif
| #ifdef HAVE_INTTYPES_H
| # include <inttypes.h>
| #endif
| #ifdef HAVE_STDINT_H
| # include <stdint.h>
| #endif
| #ifdef HAVE_UNISTD_H
| # include <unistd.h>
| #endif
| int
| main ()
| {
| if (sizeof ((size_t)))
| 	    return 0;
|   ;
|   return 0;
| }
configure:4774: result: yes
configure:4785: checking for uint16_t
configure:4785: /home/mohit/emsdk/emscripten/1.38.30/emcc -c   conftest.c >&5
configure:4785: $? = 0
configure:4785: result: yes
configure:4797: checking for uint32_t
configure:4797: /home/mohit/emsdk/emscripten/1.38.30/emcc -c   conftest.c >&5
configure:4797: $? = 0
configure:4797: result: yes
configure:4811: checking for uint64_t
configure:4811: /home/mohit/emsdk/emscripten/1.38.30/emcc -c   conftest.c >&5
configure:4811: $? = 0
configure:4811: result: yes
configure:4825: checking for uint8_t
configure:4825: /home/mohit/emsdk/emscripten/1.38.30/emcc -c   conftest.c >&5
configure:4825: $? = 0
configure:4825: result: yes
configure:4839: checking for ptrdiff_t
configure:4839: /home/mohit/emsdk/emscripten/1.38.30/emcc -c   conftest.c >&5
configure:4839: $? = 0
configure:4839: /home/mohit/emsdk/emscripten/1.38.30/emcc -c   conftest.c >&5
conftest.c:62:24: error: expected expression
if (sizeof ((ptrdiff_t)))
                       ^
1 error generated.
shared:ERROR: compiler frontend failed to generate LLVM bitcode, halting
configure:4839: $? = 1
configure: failed program was:
| /* confdefs.h */
| #define PACKAGE_NAME "fdkaac"
| #define PACKAGE_TARNAME "fdkaac"
| #define PACKAGE_VERSION "1.0.0"
| #define PACKAGE_STRING "fdkaac 1.0.0"
| #define PACKAGE_BUGREPORT "honeycomb77@gmail.com"
| #define PACKAGE_URL ""
| #define PACKAGE "fdkaac"
| #define VERSION "1.0.0"
| #define STDC_HEADERS 1
| #define HAVE_SYS_TYPES_H 1
| #define HAVE_SYS_STAT_H 1
| #define HAVE_STDLIB_H 1
| #define HAVE_STRING_H 1
| #define HAVE_MEMORY_H 1
| #define HAVE_STRINGS_H 1
| #define HAVE_INTTYPES_H 1
| #define HAVE_STDINT_H 1
| #define HAVE_UNISTD_H 1
| #define HAVE_SYS_TIME_H 1
| #define HAVE_LANGINFO_H 1
| #define HAVE_ENDIAN_H 1
| #define HAVE_BYTESWAP_H 1
| #define HAVE_FDK_AAC_AACENC_LIB_H 1
| /* end confdefs.h.  */
| #include <stdio.h>
| #ifdef HAVE_SYS_TYPES_H
| # include <sys/types.h>
| #endif
| #ifdef HAVE_SYS_STAT_H
| # include <sys/stat.h>
| #endif
| #ifdef STDC_HEADERS
| # include <stdlib.h>
| # include <stddef.h>
| #else
| # ifdef HAVE_STDLIB_H
| #  include <stdlib.h>
| # endif
| #endif
| #ifdef HAVE_STRING_H
| # if !defined STDC_HEADERS && defined HAVE_MEMORY_H
| #  include <memory.h>
| # endif
| # include <string.h>
| #endif
| #ifdef HAVE_STRINGS_H
| # include <strings.h>
| #endif
| #ifdef HAVE_INTTYPES_H
| # include <inttypes.h>
| #endif
| #ifdef HAVE_STDINT_H
| # include <stdint.h>
| #endif
| #ifdef HAVE_UNISTD_H
| # include <unistd.h>
| #endif
| int
| main ()
| {
| if (sizeof ((ptrdiff_t)))
| 	    return 0;
|   ;
|   return 0;
| }
configure:4839: result: yes
configure:4857: checking for special C compiler options needed for large files
configure:4902: result: no
configure:4908: checking for _FILE_OFFSET_BITS value needed for large files
configure:4933: /home/mohit/emsdk/emscripten/1.38.30/emcc -c   conftest.c >&5
conftest.c:33:22: error: 'off_t_is_large' declared as an array with a negative size
  int off_t_is_large[(LARGE_OFF_T % 2147483629 == 721
                     ^~~~~~~~~~~~~~~~~~~~~~~~~~~~~~~~
1 error generated.
shared:ERROR: compiler frontend failed to generate LLVM bitcode, halting
configure:4933: $? = 1
configure: failed program was:
| /* confdefs.h */
| #define PACKAGE_NAME "fdkaac"
| #define PACKAGE_TARNAME "fdkaac"
| #define PACKAGE_VERSION "1.0.0"
| #define PACKAGE_STRING "fdkaac 1.0.0"
| #define PACKAGE_BUGREPORT "honeycomb77@gmail.com"
| #define PACKAGE_URL ""
| #define PACKAGE "fdkaac"
| #define VERSION "1.0.0"
| #define STDC_HEADERS 1
| #define HAVE_SYS_TYPES_H 1
| #define HAVE_SYS_STAT_H 1
| #define HAVE_STDLIB_H 1
| #define HAVE_STRING_H 1
| #define HAVE_MEMORY_H 1
| #define HAVE_STRINGS_H 1
| #define HAVE_INTTYPES_H 1
| #define HAVE_STDINT_H 1
| #define HAVE_UNISTD_H 1
| #define HAVE_SYS_TIME_H 1
| #define HAVE_LANGINFO_H 1
| #define HAVE_ENDIAN_H 1
| #define HAVE_BYTESWAP_H 1
| #define HAVE_FDK_AAC_AACENC_LIB_H 1
| #define HAVE_PTRDIFF_T 1
| /* end confdefs.h.  */
| #include <sys/types.h>
|  /* Check that off_t can represent 2**63 - 1 correctly.
|     We can't simply define LARGE_OFF_T to be 9223372036854775807,
|     since some C++ compilers masquerading as C compilers
|     incorrectly reject 9223372036854775807.  */
| #define LARGE_OFF_T ((((off_t) 1 << 31) << 31) - 1 + (((off_t) 1 << 31) << 31))
|   int off_t_is_large[(LARGE_OFF_T % 2147483629 == 721
| 		       && LARGE_OFF_T % 2147483647 == 1)
| 		      ? 1 : -1];
| int
| main ()
| {
| 
|   ;
|   return 0;
| }
configure:4957: /home/mohit/emsdk/emscripten/1.38.30/emcc -c   conftest.c >&5
conftest.c:34:22: error: 'off_t_is_large' declared as an array with a negative size
  int off_t_is_large[(LARGE_OFF_T % 2147483629 == 721
                     ^~~~~~~~~~~~~~~~~~~~~~~~~~~~~~~~
1 error generated.
shared:ERROR: compiler frontend failed to generate LLVM bitcode, halting
configure:4957: $? = 1
configure: failed program was:
| /* confdefs.h */
| #define PACKAGE_NAME "fdkaac"
| #define PACKAGE_TARNAME "fdkaac"
| #define PACKAGE_VERSION "1.0.0"
| #define PACKAGE_STRING "fdkaac 1.0.0"
| #define PACKAGE_BUGREPORT "honeycomb77@gmail.com"
| #define PACKAGE_URL ""
| #define PACKAGE "fdkaac"
| #define VERSION "1.0.0"
| #define STDC_HEADERS 1
| #define HAVE_SYS_TYPES_H 1
| #define HAVE_SYS_STAT_H 1
| #define HAVE_STDLIB_H 1
| #define HAVE_STRING_H 1
| #define HAVE_MEMORY_H 1
| #define HAVE_STRINGS_H 1
| #define HAVE_INTTYPES_H 1
| #define HAVE_STDINT_H 1
| #define HAVE_UNISTD_H 1
| #define HAVE_SYS_TIME_H 1
| #define HAVE_LANGINFO_H 1
| #define HAVE_ENDIAN_H 1
| #define HAVE_BYTESWAP_H 1
| #define HAVE_FDK_AAC_AACENC_LIB_H 1
| #define HAVE_PTRDIFF_T 1
| /* end confdefs.h.  */
| #define _FILE_OFFSET_BITS 64
| #include <sys/types.h>
|  /* Check that off_t can represent 2**63 - 1 correctly.
|     We can't simply define LARGE_OFF_T to be 9223372036854775807,
|     since some C++ compilers masquerading as C compilers
|     incorrectly reject 9223372036854775807.  */
| #define LARGE_OFF_T ((((off_t) 1 << 31) << 31) - 1 + (((off_t) 1 << 31) << 31))
|   int off_t_is_large[(LARGE_OFF_T % 2147483629 == 721
| 		       && LARGE_OFF_T % 2147483647 == 1)
| 		      ? 1 : -1];
| int
| main ()
| {
| 
|   ;
|   return 0;
| }
configure:4965: result: unknown
configure:4977: checking for _LARGE_FILES value needed for large files
configure:5002: /home/mohit/emsdk/emscripten/1.38.30/emcc -c   conftest.c >&5
conftest.c:33:22: error: 'off_t_is_large' declared as an array with a negative size
  int off_t_is_large[(LARGE_OFF_T % 2147483629 == 721
                     ^~~~~~~~~~~~~~~~~~~~~~~~~~~~~~~~
1 error generated.
shared:ERROR: compiler frontend failed to generate LLVM bitcode, halting
configure:5002: $? = 1
configure: failed program was:
| /* confdefs.h */
| #define PACKAGE_NAME "fdkaac"
| #define PACKAGE_TARNAME "fdkaac"
| #define PACKAGE_VERSION "1.0.0"
| #define PACKAGE_STRING "fdkaac 1.0.0"
| #define PACKAGE_BUGREPORT "honeycomb77@gmail.com"
| #define PACKAGE_URL ""
| #define PACKAGE "fdkaac"
| #define VERSION "1.0.0"
| #define STDC_HEADERS 1
| #define HAVE_SYS_TYPES_H 1
| #define HAVE_SYS_STAT_H 1
| #define HAVE_STDLIB_H 1
| #define HAVE_STRING_H 1
| #define HAVE_MEMORY_H 1
| #define HAVE_STRINGS_H 1
| #define HAVE_INTTYPES_H 1
| #define HAVE_STDINT_H 1
| #define HAVE_UNISTD_H 1
| #define HAVE_SYS_TIME_H 1
| #define HAVE_LANGINFO_H 1
| #define HAVE_ENDIAN_H 1
| #define HAVE_BYTESWAP_H 1
| #define HAVE_FDK_AAC_AACENC_LIB_H 1
| #define HAVE_PTRDIFF_T 1
| /* end confdefs.h.  */
| #include <sys/types.h>
|  /* Check that off_t can represent 2**63 - 1 correctly.
|     We can't simply define LARGE_OFF_T to be 9223372036854775807,
|     since some C++ compilers masquerading as C compilers
|     incorrectly reject 9223372036854775807.  */
| #define LARGE_OFF_T ((((off_t) 1 << 31) << 31) - 1 + (((off_t) 1 << 31) << 31))
|   int off_t_is_large[(LARGE_OFF_T % 2147483629 == 721
| 		       && LARGE_OFF_T % 2147483647 == 1)
| 		      ? 1 : -1];
| int
| main ()
| {
| 
|   ;
|   return 0;
| }
configure:5026: /home/mohit/emsdk/emscripten/1.38.30/emcc -c   conftest.c >&5
conftest.c:34:22: error: 'off_t_is_large' declared as an array with a negative size
  int off_t_is_large[(LARGE_OFF_T % 2147483629 == 721
                     ^~~~~~~~~~~~~~~~~~~~~~~~~~~~~~~~
1 error generated.
shared:ERROR: compiler frontend failed to generate LLVM bitcode, halting
configure:5026: $? = 1
configure: failed program was:
| /* confdefs.h */
| #define PACKAGE_NAME "fdkaac"
| #define PACKAGE_TARNAME "fdkaac"
| #define PACKAGE_VERSION "1.0.0"
| #define PACKAGE_STRING "fdkaac 1.0.0"
| #define PACKAGE_BUGREPORT "honeycomb77@gmail.com"
| #define PACKAGE_URL ""
| #define PACKAGE "fdkaac"
| #define VERSION "1.0.0"
| #define STDC_HEADERS 1
| #define HAVE_SYS_TYPES_H 1
| #define HAVE_SYS_STAT_H 1
| #define HAVE_STDLIB_H 1
| #define HAVE_STRING_H 1
| #define HAVE_MEMORY_H 1
| #define HAVE_STRINGS_H 1
| #define HAVE_INTTYPES_H 1
| #define HAVE_STDINT_H 1
| #define HAVE_UNISTD_H 1
| #define HAVE_SYS_TIME_H 1
| #define HAVE_LANGINFO_H 1
| #define HAVE_ENDIAN_H 1
| #define HAVE_BYTESWAP_H 1
| #define HAVE_FDK_AAC_AACENC_LIB_H 1
| #define HAVE_PTRDIFF_T 1
| /* end confdefs.h.  */
| #define _LARGE_FILES 1
| #include <sys/types.h>
|  /* Check that off_t can represent 2**63 - 1 correctly.
|     We can't simply define LARGE_OFF_T to be 9223372036854775807,
|     since some C++ compilers masquerading as C compilers
|     incorrectly reject 9223372036854775807.  */
| #define LARGE_OFF_T ((((off_t) 1 << 31) << 31) - 1 + (((off_t) 1 << 31) << 31))
|   int off_t_is_large[(LARGE_OFF_T % 2147483629 == 721
| 		       && LARGE_OFF_T % 2147483647 == 1)
| 		      ? 1 : -1];
| int
| main ()
| {
| 
|   ;
|   return 0;
| }
configure:5034: result: unknown
configure:5050: checking for struct __timeb64
configure:5050: /home/mohit/emsdk/emscripten/1.38.30/emcc -c   conftest.c >&5
conftest.c:32:5: error: invalid application of 'sizeof' to an incomplete type 'struct __timeb64'
if (sizeof (struct __timeb64))
    ^      ~~~~~~~~~~~~~~~~~~
conftest.c:32:20: note: forward declaration of 'struct __timeb64'
if (sizeof (struct __timeb64))
                   ^
1 error generated.
shared:ERROR: compiler frontend failed to generate LLVM bitcode, halting
configure:5050: $? = 1
configure: failed program was:
| /* confdefs.h */
| #define PACKAGE_NAME "fdkaac"
| #define PACKAGE_TARNAME "fdkaac"
| #define PACKAGE_VERSION "1.0.0"
| #define PACKAGE_STRING "fdkaac 1.0.0"
| #define PACKAGE_BUGREPORT "honeycomb77@gmail.com"
| #define PACKAGE_URL ""
| #define PACKAGE "fdkaac"
| #define VERSION "1.0.0"
| #define STDC_HEADERS 1
| #define HAVE_SYS_TYPES_H 1
| #define HAVE_SYS_STAT_H 1
| #define HAVE_STDLIB_H 1
| #define HAVE_STRING_H 1
| #define HAVE_MEMORY_H 1
| #define HAVE_STRINGS_H 1
| #define HAVE_INTTYPES_H 1
| #define HAVE_STDINT_H 1
| #define HAVE_UNISTD_H 1
| #define HAVE_SYS_TIME_H 1
| #define HAVE_LANGINFO_H 1
| #define HAVE_ENDIAN_H 1
| #define HAVE_BYTESWAP_H 1
| #define HAVE_FDK_AAC_AACENC_LIB_H 1
| #define HAVE_PTRDIFF_T 1
| /* end confdefs.h.  */
| #include <sys/timeb.h>
| 
| int
| main ()
| {
| if (sizeof (struct __timeb64))
| 	 return 0;
|   ;
|   return 0;
| }
configure:5050: result: no
configure:5061: checking for _LARGEFILE_SOURCE value needed for large files
configure:5080: /home/mohit/emsdk/emscripten/1.38.30/emcc -o conftest    conftest.c  >&5
configure:5080: $? = 0
configure:5108: result: no
configure:5132: checking for sigaction
configure:5132: /home/mohit/emsdk/emscripten/1.38.30/emcc -o conftest    conftest.c  >&5
[0;33mwarning:[0m unexpected number of arguments 0 in call to 'sigaction', should be 1
configure:5132: $? = 0
configure:5132: result: yes
configure:5132: checking for gettimeofday
configure:5132: /home/mohit/emsdk/emscripten/1.38.30/emcc -o conftest    conftest.c  >&5
[0;33mwarning:[0m unexpected number of arguments 0 in call to 'gettimeofday', should be 1
configure:5132: $? = 0
configure:5132: result: yes
configure:5132: checking for nl_langinfo
configure:5132: /home/mohit/emsdk/emscripten/1.38.30/emcc -o conftest    conftest.c  >&5
[0;33mwarning:[0m unexpected number of arguments 0 in call to '__nl_langinfo', should be 1
configure:5132: $? = 0
configure:5132: result: yes
configure:5132: checking for _vscprintf
configure:5132: /home/mohit/emsdk/emscripten/1.38.30/emcc -o conftest    conftest.c  >&5
[0;33mwarning:[0m unexpected number of arguments 0 in call to '_vscprintf', should be 1
error: undefined symbol: _vscprintf
warning: To disable errors for undefined symbols use `-s ERROR_ON_UNDEFINED_SYMBOLS=0`
Error: Aborting compilation due to previous errors
shared:ERROR: '/home/mohit/emsdk/node/8.9.1_64bit/bin/node /home/mohit/emsdk/emscripten/1.38.30/src/compiler.js /tmp/tmpwQmBF5.txt /home/mohit/emsdk/emscripten/1.38.30/src/library_pthread_stub.js' failed (1)
configure:5132: $? = 1
configure: failed program was:
| /* confdefs.h */
| #define PACKAGE_NAME "fdkaac"
| #define PACKAGE_TARNAME "fdkaac"
| #define PACKAGE_VERSION "1.0.0"
| #define PACKAGE_STRING "fdkaac 1.0.0"
| #define PACKAGE_BUGREPORT "honeycomb77@gmail.com"
| #define PACKAGE_URL ""
| #define PACKAGE "fdkaac"
| #define VERSION "1.0.0"
| #define STDC_HEADERS 1
| #define HAVE_SYS_TYPES_H 1
| #define HAVE_SYS_STAT_H 1
| #define HAVE_STDLIB_H 1
| #define HAVE_STRING_H 1
| #define HAVE_MEMORY_H 1
| #define HAVE_STRINGS_H 1
| #define HAVE_INTTYPES_H 1
| #define HAVE_STDINT_H 1
| #define HAVE_UNISTD_H 1
| #define HAVE_SYS_TIME_H 1
| #define HAVE_LANGINFO_H 1
| #define HAVE_ENDIAN_H 1
| #define HAVE_BYTESWAP_H 1
| #define HAVE_FDK_AAC_AACENC_LIB_H 1
| #define HAVE_PTRDIFF_T 1
| #define HAVE_FSEEKO 1
| #define HAVE_SIGACTION 1
| #define HAVE_GETTIMEOFDAY 1
| #define HAVE_NL_LANGINFO 1
| /* end confdefs.h.  */
| /* Define _vscprintf to an innocuous variant, in case <limits.h> declares _vscprintf.
|    For example, HP-UX 11i <limits.h> declares gettimeofday.  */
| #define _vscprintf innocuous__vscprintf
| 
| /* System header to define __stub macros and hopefully few prototypes,
|     which can conflict with char _vscprintf (); below.
|     Prefer <limits.h> to <assert.h> if __STDC__ is defined, since
|     <limits.h> exists even on freestanding compilers.  */
| 
| #ifdef __STDC__
| # include <limits.h>
| #else
| # include <assert.h>
| #endif
| 
| #undef _vscprintf
| 
| /* Override any GCC internal prototype to avoid an error.
|    Use char because int might match the return type of a GCC
|    builtin and then its argument prototype would still apply.  */
| #ifdef __cplusplus
| extern "C"
| #endif
| char _vscprintf ();
| /* The GNU C library defines this for functions which it implements
|     to always fail with ENOSYS.  Some functions are actually named
|     something starting with __ and the normal name is an alias.  */
| #if defined __stub__vscprintf || defined __stub____vscprintf
| choke me
| #endif
| 
| int
| main ()
| {
| return _vscprintf ();
|   ;
|   return 0;
| }
configure:5132: result: no
configure:5132: checking for fseeko64
configure:5132: /home/mohit/emsdk/emscripten/1.38.30/emcc -o conftest    conftest.c  >&5
[0;33mwarning:[0m unexpected number of arguments 0 in call to '__fseeko', should be 3
configure:5132: $? = 0
configure:5132: result: yes
configure:5141: checking for getopt_long
configure:5141: /home/mohit/emsdk/emscripten/1.38.30/emcc -o conftest    conftest.c  >&5
[0;33mwarning:[0m unexpected number of arguments 0 in call to 'getopt_long', should be 5
configure:5141: $? = 0
configure:5141: result: yes
configure:5154: checking for library containing aacEncOpen
configure:5185: /home/mohit/emsdk/emscripten/1.38.30/emcc -o conftest    conftest.c  >&5
[0;33mwarning:[0m unexpected number of arguments 0 in call to 'aacEncOpen', should be 1
error: undefined symbol: aacEncOpen
warning: To disable errors for undefined symbols use `-s ERROR_ON_UNDEFINED_SYMBOLS=0`
Error: Aborting compilation due to previous errors
shared:ERROR: '/home/mohit/emsdk/node/8.9.1_64bit/bin/node /home/mohit/emsdk/emscripten/1.38.30/src/compiler.js /tmp/tmpVtdVr_.txt /home/mohit/emsdk/emscripten/1.38.30/src/library_pthread_stub.js' failed (1)
configure:5185: $? = 1
configure: failed program was:
| /* confdefs.h */
| #define PACKAGE_NAME "fdkaac"
| #define PACKAGE_TARNAME "fdkaac"
| #define PACKAGE_VERSION "1.0.0"
| #define PACKAGE_STRING "fdkaac 1.0.0"
| #define PACKAGE_BUGREPORT "honeycomb77@gmail.com"
| #define PACKAGE_URL ""
| #define PACKAGE "fdkaac"
| #define VERSION "1.0.0"
| #define STDC_HEADERS 1
| #define HAVE_SYS_TYPES_H 1
| #define HAVE_SYS_STAT_H 1
| #define HAVE_STDLIB_H 1
| #define HAVE_STRING_H 1
| #define HAVE_MEMORY_H 1
| #define HAVE_STRINGS_H 1
| #define HAVE_INTTYPES_H 1
| #define HAVE_STDINT_H 1
| #define HAVE_UNISTD_H 1
| #define HAVE_SYS_TIME_H 1
| #define HAVE_LANGINFO_H 1
| #define HAVE_ENDIAN_H 1
| #define HAVE_BYTESWAP_H 1
| #define HAVE_FDK_AAC_AACENC_LIB_H 1
| #define HAVE_PTRDIFF_T 1
| #define HAVE_FSEEKO 1
| #define HAVE_SIGACTION 1
| #define HAVE_GETTIMEOFDAY 1
| #define HAVE_NL_LANGINFO 1
| #define HAVE_FSEEKO64 1
| /* end confdefs.h.  */
| 
| /* Override any GCC internal prototype to avoid an error.
|    Use char because int might match the return type of a GCC
|    builtin and then its argument prototype would still apply.  */
| #ifdef __cplusplus
| extern "C"
| #endif
| char aacEncOpen ();
| int
| main ()
| {
| return aacEncOpen ();
|   ;
|   return 0;
| }
configure:5185: /home/mohit/emsdk/emscripten/1.38.30/emcc -o conftest    conftest.c -lfdk-aac   >&5
shared:WARNING: emcc: cannot find library "fdk-aac"
[0;33mwarning:[0m unexpected number of arguments 0 in call to 'aacEncOpen', should be 1
error: undefined symbol: aacEncOpen
warning: To disable errors for undefined symbols use `-s ERROR_ON_UNDEFINED_SYMBOLS=0`
Error: Aborting compilation due to previous errors
shared:ERROR: '/home/mohit/emsdk/node/8.9.1_64bit/bin/node /home/mohit/emsdk/emscripten/1.38.30/src/compiler.js /tmp/tmp9DfDkU.txt /home/mohit/emsdk/emscripten/1.38.30/src/library_pthread_stub.js' failed (1)
configure:5185: $? = 1
configure: failed program was:
| /* confdefs.h */
| #define PACKAGE_NAME "fdkaac"
| #define PACKAGE_TARNAME "fdkaac"
| #define PACKAGE_VERSION "1.0.0"
| #define PACKAGE_STRING "fdkaac 1.0.0"
| #define PACKAGE_BUGREPORT "honeycomb77@gmail.com"
| #define PACKAGE_URL ""
| #define PACKAGE "fdkaac"
| #define VERSION "1.0.0"
| #define STDC_HEADERS 1
| #define HAVE_SYS_TYPES_H 1
| #define HAVE_SYS_STAT_H 1
| #define HAVE_STDLIB_H 1
| #define HAVE_STRING_H 1
| #define HAVE_MEMORY_H 1
| #define HAVE_STRINGS_H 1
| #define HAVE_INTTYPES_H 1
| #define HAVE_STDINT_H 1
| #define HAVE_UNISTD_H 1
| #define HAVE_SYS_TIME_H 1
| #define HAVE_LANGINFO_H 1
| #define HAVE_ENDIAN_H 1
| #define HAVE_BYTESWAP_H 1
| #define HAVE_FDK_AAC_AACENC_LIB_H 1
| #define HAVE_PTRDIFF_T 1
| #define HAVE_FSEEKO 1
| #define HAVE_SIGACTION 1
| #define HAVE_GETTIMEOFDAY 1
| #define HAVE_NL_LANGINFO 1
| #define HAVE_FSEEKO64 1
| /* end confdefs.h.  */
| 
| /* Override any GCC internal prototype to avoid an error.
|    Use char because int might match the return type of a GCC
|    builtin and then its argument prototype would still apply.  */
| #ifdef __cplusplus
| extern "C"
| #endif
| char aacEncOpen ();
| int
| main ()
| {
| return aacEncOpen ();
|   ;
|   return 0;
| }
configure:5202: result: no
configure:5212: checking for locale_charset in -liconv
configure:5237: /home/mohit/emsdk/emscripten/1.38.30/emcc -o conftest    conftest.c -liconv   >&5
shared:WARNING: emcc: cannot find library "iconv"
[0;33mwarning:[0m unexpected number of arguments 0 in call to 'locale_charset', should be 1
error: undefined symbol: locale_charset
warning: To disable errors for undefined symbols use `-s ERROR_ON_UNDEFINED_SYMBOLS=0`
Error: Aborting compilation due to previous errors
shared:ERROR: '/home/mohit/emsdk/node/8.9.1_64bit/bin/node /home/mohit/emsdk/emscripten/1.38.30/src/compiler.js /tmp/tmppsInVj.txt /home/mohit/emsdk/emscripten/1.38.30/src/library_pthread_stub.js' failed (1)
configure:5237: $? = 1
configure: failed program was:
| /* confdefs.h */
| #define PACKAGE_NAME "fdkaac"
| #define PACKAGE_TARNAME "fdkaac"
| #define PACKAGE_VERSION "1.0.0"
| #define PACKAGE_STRING "fdkaac 1.0.0"
| #define PACKAGE_BUGREPORT "honeycomb77@gmail.com"
| #define PACKAGE_URL ""
| #define PACKAGE "fdkaac"
| #define VERSION "1.0.0"
| #define STDC_HEADERS 1
| #define HAVE_SYS_TYPES_H 1
| #define HAVE_SYS_STAT_H 1
| #define HAVE_STDLIB_H 1
| #define HAVE_STRING_H 1
| #define HAVE_MEMORY_H 1
| #define HAVE_STRINGS_H 1
| #define HAVE_INTTYPES_H 1
| #define HAVE_STDINT_H 1
| #define HAVE_UNISTD_H 1
| #define HAVE_SYS_TIME_H 1
| #define HAVE_LANGINFO_H 1
| #define HAVE_ENDIAN_H 1
| #define HAVE_BYTESWAP_H 1
| #define HAVE_FDK_AAC_AACENC_LIB_H 1
| #define HAVE_PTRDIFF_T 1
| #define HAVE_FSEEKO 1
| #define HAVE_SIGACTION 1
| #define HAVE_GETTIMEOFDAY 1
| #define HAVE_NL_LANGINFO 1
| #define HAVE_FSEEKO64 1
| /* end confdefs.h.  */
| 
| /* Override any GCC internal prototype to avoid an error.
|    Use char because int might match the return type of a GCC
|    builtin and then its argument prototype would still apply.  */
| #ifdef __cplusplus
| extern "C"
| #endif
| char locale_charset ();
| int
| main ()
| {
| return locale_charset ();
|   ;
|   return 0;
| }
configure:5246: result: no
configure:5251: checking for locale_charset in -lcharset
configure:5276: /home/mohit/emsdk/emscripten/1.38.30/emcc -o conftest    conftest.c -lcharset   >&5
shared:WARNING: emcc: cannot find library "charset"
[0;33mwarning:[0m unexpected number of arguments 0 in call to 'locale_charset', should be 1
error: undefined symbol: locale_charset
warning: To disable errors for undefined symbols use `-s ERROR_ON_UNDEFINED_SYMBOLS=0`
Error: Aborting compilation due to previous errors
shared:ERROR: '/home/mohit/emsdk/node/8.9.1_64bit/bin/node /home/mohit/emsdk/emscripten/1.38.30/src/compiler.js /tmp/tmpQNSukV.txt /home/mohit/emsdk/emscripten/1.38.30/src/library_pthread_stub.js' failed (1)
configure:5276: $? = 1
configure: failed program was:
| /* confdefs.h */
| #define PACKAGE_NAME "fdkaac"
| #define PACKAGE_TARNAME "fdkaac"
| #define PACKAGE_VERSION "1.0.0"
| #define PACKAGE_STRING "fdkaac 1.0.0"
| #define PACKAGE_BUGREPORT "honeycomb77@gmail.com"
| #define PACKAGE_URL ""
| #define PACKAGE "fdkaac"
| #define VERSION "1.0.0"
| #define STDC_HEADERS 1
| #define HAVE_SYS_TYPES_H 1
| #define HAVE_SYS_STAT_H 1
| #define HAVE_STDLIB_H 1
| #define HAVE_STRING_H 1
| #define HAVE_MEMORY_H 1
| #define HAVE_STRINGS_H 1
| #define HAVE_INTTYPES_H 1
| #define HAVE_STDINT_H 1
| #define HAVE_UNISTD_H 1
| #define HAVE_SYS_TIME_H 1
| #define HAVE_LANGINFO_H 1
| #define HAVE_ENDIAN_H 1
| #define HAVE_BYTESWAP_H 1
| #define HAVE_FDK_AAC_AACENC_LIB_H 1
| #define HAVE_PTRDIFF_T 1
| #define HAVE_FSEEKO 1
| #define HAVE_SIGACTION 1
| #define HAVE_GETTIMEOFDAY 1
| #define HAVE_NL_LANGINFO 1
| #define HAVE_FSEEKO64 1
| /* end confdefs.h.  */
| 
| /* Override any GCC internal prototype to avoid an error.
|    Use char because int might match the return type of a GCC
|    builtin and then its argument prototype would still apply.  */
| #ifdef __cplusplus
| extern "C"
| #endif
| char locale_charset ();
| int
| main ()
| {
| return locale_charset ();
|   ;
|   return 0;
| }
configure:5285: result: no
configure:5299: checking build system type
configure:5313: result: x86_64-pc-linux-gnu
configure:5333: checking host system type
configure:5346: result: x86_64-pc-linux-gnu
configure:5414: checking for ld used by /home/mohit/emsdk/emscripten/1.38.30/emcc
shared:ERROR: no input files
note that input files without a known suffix are ignored, make sure your input files end with one of: ('.c', '.C', '.i', '.cpp', '.cxx', '.cc', '.c++', '.CPP', '.CXX', '.CC', '.C++', '.ii', '.m', '.mi', '.mm', '.mii', '/dev/null', '.bc', '.o', '.obj', '.lo', '.dylib', '.so', '.a', '.ll', '.h', '.hxx', '.hpp', '.hh', '.H', '.HXX', '.HPP', '.HH')
configure:5481: result: /home/mohit/emsdk/emscripten/1.38.30/emcc
configure:5488: checking if the linker (/home/mohit/emsdk/emscripten/1.38.30/emcc) is GNU ld
configure:5503: result: yes
configure:5510: checking for shared library run path origin
configure:5523: result: done
configure:6101: checking for iconv
configure:6125: /home/mohit/emsdk/emscripten/1.38.30/emcc -o conftest    conftest.c  >&5
configure:6125: $? = 0
configure:6159: result: yes
configure:6162: checking for working iconv
configure:6282: /home/mohit/emsdk/emscripten/1.38.30/emcc -o conftest    conftest.c  >&5
configure:6282: $? = 0
configure:6282: ./conftest
configure:6282: $? = 0
configure:6294: result: yes
configure:6322: checking for iconv declaration
configure:6351: /home/mohit/emsdk/emscripten/1.38.30/emcc -c   conftest.c >&5
configure:6351: $? = 0
configure:6362: result:
         extern size_t iconv (iconv_t cd, char * *inbuf, size_t *inbytesleft, char * *outbuf, size_t *outbytesleft);
configure:6503: checking that generated files are newer than configure
configure:6509: result: done
configure:6545: creating ./config.status

## ---------------------- ##
## Running config.status. ##
## ---------------------- ##

This file was extended by fdkaac config.status 1.0.0, which was
generated by GNU Autoconf 2.69.  Invocation command line was

  CONFIG_FILES    = 
  CONFIG_HEADERS  = 
  CONFIG_LINKS    = 
  CONFIG_COMMANDS = 
  $ ./config.status 

on mohit-singh

config.status:883: creating Makefile
config.status:883: creating config.h
config.status:1064: config.h is unchanged
config.status:1112: executing depfiles commands

## ---------------- ##
## Cache variables. ##
## ---------------- ##

ac_cv_build=x86_64-pc-linux-gnu
ac_cv_c_bigendian=no
ac_cv_c_compiler_gnu=yes
ac_cv_c_inline=inline
ac_cv_c_int16_t=yes
ac_cv_c_int32_t=yes
ac_cv_c_int64_t=yes
ac_cv_c_int8_t=yes
ac_cv_c_uint16_t=yes
ac_cv_c_uint32_t=yes
ac_cv_c_uint64_t=yes
ac_cv_c_uint8_t=yes
ac_cv_env_CC_set=set
ac_cv_env_CC_value=/home/mohit/emsdk/emscripten/1.38.30/emcc
ac_cv_env_CFLAGS_set=set
ac_cv_env_CFLAGS_value=
ac_cv_env_CPPFLAGS_set=
ac_cv_env_CPPFLAGS_value=
ac_cv_env_CPP_set=
ac_cv_env_CPP_value=
ac_cv_env_LDFLAGS_set=
ac_cv_env_LDFLAGS_value=
ac_cv_env_LIBS_set=
ac_cv_env_LIBS_value=
ac_cv_env_build_alias_set=
ac_cv_env_build_alias_value=
ac_cv_env_host_alias_set=
ac_cv_env_host_alias_value=
ac_cv_env_target_alias_set=
ac_cv_env_target_alias_value=
ac_cv_func__vscprintf=no
ac_cv_func_fseeko64=yes
ac_cv_func_getopt_long=yes
ac_cv_func_gettimeofday=yes
ac_cv_func_nl_langinfo=yes
ac_cv_func_sigaction=yes
ac_cv_header_byteswap_h=yes
ac_cv_header_endian_h=yes
ac_cv_header_fdk_aac_aacenc_lib_h=yes
ac_cv_header_inttypes_h=yes
ac_cv_header_langinfo_h=yes
ac_cv_header_libcharset_h=no
ac_cv_header_memory_h=yes
ac_cv_header_stdc=yes
ac_cv_header_stdint_h=yes
ac_cv_header_stdlib_h=yes
ac_cv_header_string_h=yes
ac_cv_header_strings_h=yes
ac_cv_header_sys_stat_h=yes
ac_cv_header_sys_time_h=yes
ac_cv_header_sys_types_h=yes
ac_cv_header_unistd_h=yes
ac_cv_host=x86_64-pc-linux-gnu
ac_cv_lib_charset_locale_charset=no
ac_cv_lib_iconv_locale_charset=no
ac_cv_objext=o
ac_cv_path_EGREP='/bin/grep -E'
ac_cv_path_GREP=/bin/grep
ac_cv_path_install='/usr/bin/install -c'
ac_cv_path_mkdir=/bin/mkdir
ac_cv_prog_AWK=mawk
ac_cv_prog_CPP='/home/mohit/emsdk/emscripten/1.38.30/emcc -E'
ac_cv_prog_ac_ct_CC=/home/mohit/emsdk/emscripten/1.38.30/emcc
ac_cv_prog_cc_c89=
ac_cv_prog_cc_g=yes
ac_cv_prog_make_make_set=yes
ac_cv_search_aacEncOpen=no
ac_cv_sys_file_offset_bits=unknown
ac_cv_sys_large_files=unknown
ac_cv_sys_largefile_CC=no
ac_cv_sys_largefile_source=no
ac_cv_type_ptrdiff_t=yes
ac_cv_type_size_t=yes
ac_cv_type_struct___timeb64=no
acl_cv_path_LD=/home/mohit/emsdk/emscripten/1.38.30/emcc
acl_cv_prog_gnu_ld=yes
acl_cv_rpath=done
am_cv_CC_dependencies_compiler_type=gcc3
am_cv_func_iconv=yes
am_cv_func_iconv_works=yes
am_cv_lib_iconv=no
am_cv_make_support_nested_variables=yes
am_cv_prog_cc_c_o=yes
am_cv_proto_iconv='extern size_t iconv (iconv_t cd, char * *inbuf, size_t *inbytesleft, char * *outbuf, size_t *outbytesleft);'
am_cv_proto_iconv_arg1=

## ----------------- ##
## Output variables. ##
## ----------------- ##

ACLOCAL='${SHELL} /home/mohit/emsdk/fdkaac/missing aclocal-1.15'
AMDEPBACKSLASH='\'
AMDEP_FALSE='#'
AMDEP_TRUE=''
AMTAR='$${TAR-tar}'
AM_BACKSLASH='\'
AM_DEFAULT_V='$(AM_DEFAULT_VERBOSITY)'
AM_DEFAULT_VERBOSITY='1'
AM_V='$(V)'
AUTOCONF='${SHELL} /home/mohit/emsdk/fdkaac/missing autoconf'
AUTOHEADER='${SHELL} /home/mohit/emsdk/fdkaac/missing autoheader'
AUTOMAKE='${SHELL} /home/mohit/emsdk/fdkaac/missing automake-1.15'
AWK='mawk'
CC='/home/mohit/emsdk/emscripten/1.38.30/emcc'
CCDEPMODE='depmode=gcc3'
CFLAGS=''
CHARSET_LIB=''
CPP='/home/mohit/emsdk/emscripten/1.38.30/emcc -E'
CPPFLAGS=''
CYGPATH_W='echo'
DEFS='-DHAVE_CONFIG_H'
DEPDIR='.deps'
ECHO_C=''
ECHO_N='-n'
ECHO_T=''
EGREP='/bin/grep -E'
EXEEXT=''
FDK_NO_GETOPT_LONG_FALSE=''
FDK_NO_GETOPT_LONG_TRUE='#'
FDK_PLATFORM_POSIX_FALSE='#'
FDK_PLATFORM_POSIX_TRUE=''
FDK_PLATFORM_WIN32_FALSE=''
FDK_PLATFORM_WIN32_TRUE='#'
GREP='/bin/grep'
INSTALL_DATA='${INSTALL} -m 644'
INSTALL_PROGRAM='${INSTALL}'
INSTALL_SCRIPT='${INSTALL}'
INSTALL_STRIP_PROGRAM='$(install_sh) -c -s'
LDFLAGS=''
LIBICONV=''
LIBOBJS=''
LIBS=''
LTLIBICONV=''
LTLIBOBJS=''
MAKEINFO='${SHELL} /home/mohit/emsdk/fdkaac/missing makeinfo'
MKDIR_P='/bin/mkdir -p'
OBJEXT='o'
PACKAGE='fdkaac'
PACKAGE_BUGREPORT='honeycomb77@gmail.com'
PACKAGE_NAME='fdkaac'
PACKAGE_STRING='fdkaac 1.0.0'
PACKAGE_TARNAME='fdkaac'
PACKAGE_URL=''
PACKAGE_VERSION='1.0.0'
PATH_SEPARATOR=':'
SET_MAKE=''
SHELL='/bin/bash'
STRIP=''
VERSION='1.0.0'
ac_ct_CC='/home/mohit/emsdk/emscripten/1.38.30/emcc'
am__EXEEXT_FALSE=''
am__EXEEXT_TRUE='#'
am__fastdepCC_FALSE='#'
am__fastdepCC_TRUE=''
am__include='include'
am__isrc=''
am__leading_dot='.'
am__nodep='_no'
am__quote=''
am__tar='$${TAR-tar} chof - "$$tardir"'
am__untar='$${TAR-tar} xf -'
bindir='${exec_prefix}/bin'
build='x86_64-pc-linux-gnu'
build_alias=''
build_cpu='x86_64'
build_os='linux-gnu'
build_vendor='pc'
datadir='${datarootdir}'
datarootdir='${prefix}/share'
docdir='${datarootdir}/doc/${PACKAGE_TARNAME}'
dvidir='${docdir}'
exec_prefix='${prefix}'
host='x86_64-pc-linux-gnu'
host_alias=''
host_cpu='x86_64'
host_os='linux-gnu'
host_vendor='pc'
htmldir='${docdir}'
includedir='${prefix}/include'
infodir='${datarootdir}/info'
install_sh='${SHELL} /home/mohit/emsdk/fdkaac/install-sh'
libdir='${exec_prefix}/lib'
libexecdir='${exec_prefix}/libexec'
localedir='${datarootdir}/locale'
localstatedir='${prefix}/var'
mandir='${datarootdir}/man'
mkdir_p='$(MKDIR_P)'
oldincludedir='/usr/include'
pdfdir='${docdir}'
prefix='/usr/local'
program_transform_name='s,x,x,'
psdir='${docdir}'
runstatedir='${localstatedir}/run'
sbindir='${exec_prefix}/sbin'
sharedstatedir='${prefix}/com'
sysconfdir='${prefix}/etc'
target_alias=''

## ----------- ##
## confdefs.h. ##
## ----------- ##

/* confdefs.h */
#define PACKAGE_NAME "fdkaac"
#define PACKAGE_TARNAME "fdkaac"
#define PACKAGE_VERSION "1.0.0"
#define PACKAGE_STRING "fdkaac 1.0.0"
#define PACKAGE_BUGREPORT "honeycomb77@gmail.com"
#define PACKAGE_URL ""
#define PACKAGE "fdkaac"
#define VERSION "1.0.0"
#define STDC_HEADERS 1
#define HAVE_SYS_TYPES_H 1
#define HAVE_SYS_STAT_H 1
#define HAVE_STDLIB_H 1
#define HAVE_STRING_H 1
#define HAVE_MEMORY_H 1
#define HAVE_STRINGS_H 1
#define HAVE_INTTYPES_H 1
#define HAVE_STDINT_H 1
#define HAVE_UNISTD_H 1
#define HAVE_SYS_TIME_H 1
#define HAVE_LANGINFO_H 1
#define HAVE_ENDIAN_H 1
#define HAVE_BYTESWAP_H 1
#define HAVE_FDK_AAC_AACENC_LIB_H 1
#define HAVE_PTRDIFF_T 1
#define HAVE_FSEEKO 1
#define HAVE_SIGACTION 1
#define HAVE_GETTIMEOFDAY 1
#define HAVE_NL_LANGINFO 1
#define HAVE_FSEEKO64 1
#define HAVE_ICONV 1
#define ICONV_CONST 

configure: exit 0
